<?xml version="1.0" encoding="UTF-8"?>
<testsuites name="jest tests" tests="2" failures="0" time="3.472">
  <testsuite name="__tests__/Counter.test.js" errors="0" failures="0" skipped="0" timestamp="2019-12-05T15:52:06" time="0.814" tests="1">
    <testcase classname="Testing Counter Component should render correctly" name="Testing Counter Component should render correctly" time="0.071">
    </testcase>
  </testsuite>
  <testsuite name="__tests__/App.test.js" errors="0" failures="0" skipped="0" timestamp="2019-12-05T15:52:06" time="1.302" tests="1">
    <testcase classname="Testing App Component should render correctly" name="Testing App Component should render correctly" time="0.044">
    </testcase>
  </testsuite>
</testsuites>